Using pre-set license
Built from '2020.3/staging' branch; Version is '2020.3.25f1 (9b9180224418) revision 10195328'; Using compiler version '192528614'; Build Type 'Release'
OS: 'Windows 10  (10.0.19044) 64bit Core' Language: 'tr' Physical Memory: 16280 MB
BatchMode: 1, IsHumanControllingUs: 0, StartBugReporterOnCrash: 0, Is64bit: 1, IsPro: 0

COMMAND LINE ARGUMENTS:
C:\Program Files\Unity\Hub\Editor\2020.3.25f1\Editor\Unity.exe
-adb2
-batchMode
-noUpm
-name
AssetImportWorker0
-projectPath
C:/Users/user/Documents/GitHub/AirplaneSimulatorGame/AirplaneSimulatorGame
-logFile
Logs/AssetImportWorker0.log
-srvPort
57111
Successfully changed project path to: C:/Users/user/Documents/GitHub/AirplaneSimulatorGame/AirplaneSimulatorGame
C:/Users/user/Documents/GitHub/AirplaneSimulatorGame/AirplaneSimulatorGame
Using Asset Import Pipeline V2.
Refreshing native plugins compatible for Editor in 61.73 ms, found 2 plugins.
Preloading 0 native plugins for Editor in 0.00 ms.
Initialize engine version: 2020.3.25f1 (9b9180224418)
[Subsystems] Discovering subsystems at path C:/Program Files/Unity/Hub/Editor/2020.3.25f1/Editor/Data/Resources/UnitySubsystems
[Subsystems] Discovering subsystems at path C:/Users/user/Documents/GitHub/AirplaneSimulatorGame/AirplaneSimulatorGame/Assets
GfxDevice: creating device client; threaded=0
Direct3D:
    Version:  Direct3D 11.0 [level 11.1]
    Renderer: NVIDIA GeForce GTX 1660 Ti (ID=0x2182)
    Vendor:   
    VRAM:     5991 MB
    Driver:   30.0.15.1295
Initialize mono
Mono path[0] = 'C:/Program Files/Unity/Hub/Editor/2020.3.25f1/Editor/Data/Managed'
Mono path[1] = 'C:/Program Files/Unity/Hub/Editor/2020.3.25f1/Editor/Data/MonoBleedingEdge/lib/mono/unityjit'
Mono config path = 'C:/Program Files/Unity/Hub/Editor/2020.3.25f1/Editor/Data/MonoBleedingEdge/etc'
Using monoOptions --debugger-agent=transport=dt_socket,embedding=1,server=y,suspend=n,address=127.0.0.1:56804
Begin MonoManager ReloadAssembly
Registering precompiled unity dll's ...
Register platform support module: C:/Program Files/Unity/Hub/Editor/2020.3.25f1/Editor/Data/PlaybackEngines/WebGLSupport/UnityEditor.WebGL.Extensions.dll
Register platform support module: C:/Program Files/Unity/Hub/Editor/2020.3.25f1/Editor/Data/PlaybackEngines/WindowsStandaloneSupport/UnityEditor.WindowsStandalone.Extensions.dll
Registered in 0.001780 seconds.
Native extension for WindowsStandalone target not found
Native extension for WebGL target not found
Refreshing native plugins compatible for Editor in 55.74 ms, found 2 plugins.
Preloading 0 native plugins for Editor in 0.00 ms.
Mono: successfully reloaded assembly
- Completed reload, in  0.520 seconds
Domain Reload Profiling:
	ReloadAssembly (520ms)
		BeginReloadAssembly (44ms)
			ExecutionOrderSort (0ms)
			DisableScriptedObjects (0ms)
			BackupInstance (0ms)
			ReleaseScriptingObjects (0ms)
			CreateAndSetChildDomain (1ms)
		EndReloadAssembly (416ms)
			LoadAssemblies (42ms)
			RebuildTransferFunctionScriptingTraits (0ms)
			SetupTypeCache (130ms)
			ReleaseScriptCaches (0ms)
			RebuildScriptCaches (27ms)
			SetupLoadedEditorAssemblies (167ms)
				LogAssemblyErrors (0ms)
				InitializePlatformSupportModulesInManaged (4ms)
				SetLoadedEditorAssemblies (0ms)
				RefreshPlugins (56ms)
				BeforeProcessingInitializeOnLoad (12ms)
				ProcessInitializeOnLoadAttributes (72ms)
				ProcessInitializeOnLoadMethodAttributes (23ms)
				AfterProcessingInitializeOnLoad (0ms)
				EditorAssembliesLoaded (0ms)
			ExecutionOrderSort2 (0ms)
			AwakeInstancesAfterBackupRestoration (0ms)
Platform modules already initialized, skipping
Registering precompiled user dll's ...
Registered in 0.003362 seconds.
Begin MonoManager ReloadAssembly
Native extension for WindowsStandalone target not found
Native extension for WebGL target not found
Refreshing native plugins compatible for Editor in 54.54 ms, found 2 plugins.
Preloading 0 native plugins for Editor in 0.00 ms.
Mono: successfully reloaded assembly
- Completed reload, in  1.083 seconds
Domain Reload Profiling:
	ReloadAssembly (1084ms)
		BeginReloadAssembly (120ms)
			ExecutionOrderSort (0ms)
			DisableScriptedObjects (4ms)
			BackupInstance (0ms)
			ReleaseScriptingObjects (0ms)
			CreateAndSetChildDomain (14ms)
		EndReloadAssembly (911ms)
			LoadAssemblies (77ms)
			RebuildTransferFunctionScriptingTraits (0ms)
			SetupTypeCache (257ms)
			ReleaseScriptCaches (0ms)
			RebuildScriptCaches (47ms)
			SetupLoadedEditorAssemblies (421ms)
				LogAssemblyErrors (0ms)
				InitializePlatformSupportModulesInManaged (4ms)
				SetLoadedEditorAssemblies (0ms)
				RefreshPlugins (55ms)
				BeforeProcessingInitializeOnLoad (79ms)
				ProcessInitializeOnLoadAttributes (239ms)
				ProcessInitializeOnLoadMethodAttributes (40ms)
				AfterProcessingInitializeOnLoad (5ms)
				EditorAssembliesLoaded (0ms)
			ExecutionOrderSort2 (0ms)
			AwakeInstancesAfterBackupRestoration (5ms)
Platform modules already initialized, skipping
========================================================================
Worker process is ready to serve import requests
Launched and connected shader compiler UnityShaderCompiler.exe after 0.05 seconds
Refreshing native plugins compatible for Editor in 0.66 ms, found 2 plugins.
Preloading 0 native plugins for Editor in 0.00 ms.
Unloading 2677 Unused Serialized files (Serialized files now loaded: 0)
System memory in use before: 107.7 MB.
System memory in use after: 107.9 MB.

Unloading 59 unused Assets to reduce memory usage. Loaded Objects now: 3087.
Total: 5.640000 ms (FindLiveObjects: 0.168400 ms CreateObjectMapping: 0.089300 ms MarkObjects: 5.310400 ms  DeleteObjects: 0.071200 ms)

AssetImportParameters requested are different than current active one (requested -> active):
  custom:framework-win-MediaFoundation: 216162199b28c13a410421893ffa2e32 -> 
  custom:video-decoder-ogg-theora: a1e56fd34408186e4bbccfd4996cb3dc -> 
  custom:container-muxer-webm: aa71ff27fc2769a1b78a27578f13a17b -> 
  custom:container-demuxer-webm: 4f35f7cbe854078d1ac9338744f61a02 -> 
  custom:container-demuxer-ogg: 62fdf1f143b41e24485cea50d1cbac27 -> 
  custom:video-encoder-webm-vp8: eb34c28f22e8b96e1ab97ce403110664 -> 
  custom:video-decoder-webm-vp8: 9c59270c3fd7afecdb556c50c9e8de78 -> 
  custom:audio-decoder-ogg-vorbis: bf7c407c2cedff20999df2af8eb42d56 -> 
  custom:audio-encoder-webm-vorbis: bf7c407c2cedff20999df2af8eb42d56 -> 
========================================================================
Received Import Request.
  path: Assets/Prefabs/Plane.prefab
  artifactKey: Guid(8787d00805ff7dc40867a3c082ae7552) Importer(815301076,1909f56bfc062723c751e8b465ee728b)
Start importing Assets/Prefabs/Plane.prefab using Guid(8787d00805ff7dc40867a3c082ae7552) Importer(815301076,1909f56bfc062723c751e8b465ee728b)  -> (artifact id: '07d4cf82fb68559e0a94f22e4e60ca3d') in 0.090391 seconds 
  Import took 0.093814 seconds .

========================================================================
Received Import Request.
  Time since last request: 26.997231 seconds.
  path: Assets/Scenes/AirPlaneStarter.unity
  artifactKey: Guid(ed12b921366aff6478963d246c4fd558) Importer(815301076,1909f56bfc062723c751e8b465ee728b)
Start importing Assets/Scenes/AirPlaneStarter.unity using Guid(ed12b921366aff6478963d246c4fd558) Importer(815301076,1909f56bfc062723c751e8b465ee728b)  -> (artifact id: '3445194314787e06460501792a354daf') in 0.005179 seconds 
  Import took 0.008641 seconds .

========================================================================
Received Import Request.
  Time since last request: 155.818348 seconds.
  path: Assets/Scenes/AirPlaneStarter.unity
  artifactKey: Guid(ed12b921366aff6478963d246c4fd558) Importer(815301076,1909f56bfc062723c751e8b465ee728b)
Start importing Assets/Scenes/AirPlaneStarter.unity using Guid(ed12b921366aff6478963d246c4fd558) Importer(815301076,1909f56bfc062723c751e8b465ee728b)  -> (artifact id: 'a85a40d4a74e60414273aeda99197cab') in 0.002953 seconds 
  Import took 0.006930 seconds .

========================================================================
Received Import Request.
  Time since last request: 24.190045 seconds.
  path: Assets/Scenes/AirPlaneGame.unity
  artifactKey: Guid(962ebf8b17fb41641963f290f09e67b8) Importer(815301076,1909f56bfc062723c751e8b465ee728b)
Start importing Assets/Scenes/AirPlaneGame.unity using Guid(962ebf8b17fb41641963f290f09e67b8) Importer(815301076,1909f56bfc062723c751e8b465ee728b)  -> (artifact id: '40fc150496f9630be8390d90eb3e00f1') in 0.005987 seconds 
  Import took 0.009393 seconds .

========================================================================
Received Import Request.
  Time since last request: 114.602529 seconds.
  path: Assets/Prefabs/Plane.prefab
  artifactKey: Guid(8787d00805ff7dc40867a3c082ae7552) Importer(815301076,1909f56bfc062723c751e8b465ee728b)
Start importing Assets/Prefabs/Plane.prefab using Guid(8787d00805ff7dc40867a3c082ae7552) Importer(815301076,1909f56bfc062723c751e8b465ee728b)  -> (artifact id: '3b47869252470c4e26613ddf0010e988') in 0.018381 seconds 
  Import took 0.021988 seconds .

========================================================================
Received Import Request.
  Time since last request: 7.525215 seconds.
  path: Assets/Scenes/AirPlaneStarter.unity
  artifactKey: Guid(ed12b921366aff6478963d246c4fd558) Importer(815301076,1909f56bfc062723c751e8b465ee728b)
Start importing Assets/Scenes/AirPlaneStarter.unity using Guid(ed12b921366aff6478963d246c4fd558) Importer(815301076,1909f56bfc062723c751e8b465ee728b)  -> (artifact id: '4ab9ee09f43f3b8bbcbb42d9805a2cd1') in 0.003203 seconds 
  Import took 0.006612 seconds .

========================================================================
Received Import Request.
  Time since last request: 4.913583 seconds.
  path: Assets/Scenes/AirPlaneGame.unity
  artifactKey: Guid(962ebf8b17fb41641963f290f09e67b8) Importer(815301076,1909f56bfc062723c751e8b465ee728b)
Start importing Assets/Scenes/AirPlaneGame.unity using Guid(962ebf8b17fb41641963f290f09e67b8) Importer(815301076,1909f56bfc062723c751e8b465ee728b)  -> (artifact id: 'cd0142e4ab7510bda72b3e559259b5df') in 0.001887 seconds 
  Import took 0.005569 seconds .

========================================================================
Received Import Request.
  Time since last request: 24.240002 seconds.
  path: Assets/Prefabs/PlayerPlane.prefab
  artifactKey: Guid(b415ed2bd816ca94682964948c3ce0fd) Importer(815301076,1909f56bfc062723c751e8b465ee728b)
Start importing Assets/Prefabs/PlayerPlane.prefab using Guid(b415ed2bd816ca94682964948c3ce0fd) Importer(815301076,1909f56bfc062723c751e8b465ee728b)  -> (artifact id: 'f52a432fff68acaaf5122bacbb39cd57') in 0.014542 seconds 
  Import took 0.018140 seconds .

========================================================================
Received Import Request.
  Time since last request: 250.380917 seconds.
  path: Assets/Prefabs/backWheels.anim
  artifactKey: Guid(1aa6fe24db22ba94b9f523c448a42d72) Importer(815301076,1909f56bfc062723c751e8b465ee728b)
Start importing Assets/Prefabs/backWheels.anim using Guid(1aa6fe24db22ba94b9f523c448a42d72) Importer(815301076,1909f56bfc062723c751e8b465ee728b)  -> (artifact id: '00000000000000000000000000000000') in 0.379688 seconds  code(4) message(Build asset version error: assets/prefabs/backwheels.anim in SourceAssetDB has modification time of '2022-05-31T13:08:39.2077641Z' while content on disk has modification time of '0001-01-01T00:00:00Z' with error code 2
Stacktrace:
0x00007ff6ec728bdc (Unity) StackWalker::GetCurrentCallstack
0x00007ff6ec72ffd9 (Unity) StackWalker::ShowCallstack
0x00007ff6ed48cd9c (Unity) GetStacktrace
0x00007ff6ed5d91a7 (Unity) GetAssetHashAndValidate
0x00007ff6ed5d4573 (Unity) AssetVersionBuilder::BuildHashOfSourceAssetArray
0x00007ff6ed5d24e2 (Unity) AssetVersionBuilder::BuildAssetVersion
0x00007ff6ed5acdcd (Unity) CreateAssetVersionBuilder
0x00007ff6ed5b3605 (Unity) ImportToObjects
0x00007ff6ed5b2458 (Unity) ImportAsset
0x00007ff6ed54c998 (Unity) AssetImportWorker::Import
0x00007ff6ed57203a (Unity) <lambda_4a0f5575432e8e69ec585d1ca7897980>::operator()
0x00007ff6ed5f95a2 (Unity) asio::detail::completion_handler<core::mutable_function<void __cdecl(void)> >::do_complete
0x00007ff6ed5fb700 (Unity) asio::detail::win_iocp_io_service::do_one
0x00007ff6ed5fee7e (Unity) asio::io_service::run
0x00007ff6ed59ab9b (Unity) RunAssetImportWorkerClientV2
0x00007ff6ed59abf0 (Unity) RunAssetImporterV2
0x00007ff6ed0423dd (Unity) Application::InitializeProject
0x00007ff6ed497252 (Unity) WinMain
0x00007ff6eeb25752 (Unity) __scrt_common_main_seh
0x00007ffbab967034 (KERNEL32) BaseThreadInitThunk
0x00007ffbac382651 (ntdll) RtlUserThreadStart
)
  ERROR: Build asset version error: assets/prefabs/backwheels.anim in SourceAssetDB has modification time of '2022-05-31T13:08:39.2077641Z' while content on disk has modification time of '0001-01-01T00:00:00Z' with error code 2
Stacktrace:
0x00007ff6ec728bdc (Unity) StackWalker::GetCurrentCallstack
0x00007ff6ec72ffd9 (Unity) StackWalker::ShowCallstack
0x00007ff6ed48cd9c (Unity) GetStacktrace
0x00007ff6ed5d91a7 (Unity) GetAssetHashAndValidate
0x00007ff6ed5d4573 (Unity) AssetVersionBuilder::BuildHashOfSourceAssetArray
0x00007ff6ed5d24e2 (Unity) AssetVersionBuilder::BuildAssetVersion
0x00007ff6ed5acdcd (Unity) CreateAssetVersionBuilder
0x00007ff6ed5b3605 (Unity) ImportToObjects
0x00007ff6ed5b2458 (Unity) ImportAsset
0x00007ff6ed54c998 (Unity) AssetImportWorker::Import
0x00007ff6ed57203a (Unity) <lambda_4a0f5575432e8e69ec585d1ca7897980>::operator()
0x00007ff6ed5f95a2 (Unity) asio::detail::completion_handler<core::mutable_function<void __cdecl(void)> >::do_complete
0x00007ff6ed5fb700 (Unity) asio::detail::win_iocp_io_service::do_one
0x00007ff6ed5fee7e (Unity) asio::io_service::run
0x00007ff6ed59ab9b (Unity) RunAssetImportWorkerClientV2
0x00007ff6ed59abf0 (Unity) RunAssetImporterV2
0x00007ff6ed0423dd (Unity) Application::InitializeProject
0x00007ff6ed497252 (Unity) WinMain
0x00007ff6eeb25752 (Unity) __scrt_common_main_seh
0x00007ffbab967034 (KERNEL32) BaseThreadInitThunk
0x00007ffbac382651 (ntdll) RtlUserThreadStart

  Import took 0.383595 seconds .

========================================================================
Received Import Request.
  Time since last request: 179.470693 seconds.
  path: Assets/Prefabs/PlayerPlane.prefab
  artifactKey: Guid(b415ed2bd816ca94682964948c3ce0fd) Importer(815301076,1909f56bfc062723c751e8b465ee728b)
Start importing Assets/Prefabs/PlayerPlane.prefab using Guid(b415ed2bd816ca94682964948c3ce0fd) Importer(815301076,1909f56bfc062723c751e8b465ee728b)  -> (artifact id: '6708366de5e9429d346c5ea842a43160') in 0.022518 seconds 
  Import took 0.026093 seconds .

========================================================================
Received Import Request.
  Time since last request: 18.056595 seconds.
  path: Assets/Prefabs/PlayerPlane.prefab
  artifactKey: Guid(b415ed2bd816ca94682964948c3ce0fd) Importer(815301076,1909f56bfc062723c751e8b465ee728b)
Start importing Assets/Prefabs/PlayerPlane.prefab using Guid(b415ed2bd816ca94682964948c3ce0fd) Importer(815301076,1909f56bfc062723c751e8b465ee728b)  -> (artifact id: 'd4b5c2eaa20b8792fc04f50df494b44f') in 0.015785 seconds 
  Import took 0.019474 seconds .

========================================================================
Received Import Request.
  Time since last request: 246.791626 seconds.
  path: Assets/TextMesh Pro/Examples & Extras/Textures/Gradient Diagonal (Color).jpg
  artifactKey: Guid(2ce5c55e85304b819a1826ecbc839aa5) Importer(815301076,1909f56bfc062723c751e8b465ee728b)
Start importing Assets/TextMesh Pro/Examples & Extras/Textures/Gradient Diagonal (Color).jpg using Guid(2ce5c55e85304b819a1826ecbc839aa5) Importer(815301076,1909f56bfc062723c751e8b465ee728b)  -> (artifact id: '3b07cc69b66e67de41d473ec1aa951ee') in 0.035207 seconds 
  Import took 0.039101 seconds .

========================================================================
Received Import Request.
  Time since last request: 83.187983 seconds.
  path: Assets/Scripts/gameStarter.cs
  artifactKey: Guid(ddc85fc8c0862a248b5b032bc31675b3) Importer(815301076,1909f56bfc062723c751e8b465ee728b)
Start importing Assets/Scripts/gameStarter.cs using Guid(ddc85fc8c0862a248b5b032bc31675b3) Importer(815301076,1909f56bfc062723c751e8b465ee728b)  -> (artifact id: '1e7377f77ecb47a268ebd396ea2b956d') in 0.025467 seconds 
  Import took 0.029308 seconds .

========================================================================
Received Import Request.
  Time since last request: 6.465738 seconds.
  path: Assets/Scripts/gameStarter.cs
  artifactKey: Guid(ddc85fc8c0862a248b5b032bc31675b3) Importer(815301076,1909f56bfc062723c751e8b465ee728b)
Start importing Assets/Scripts/gameStarter.cs using Guid(ddc85fc8c0862a248b5b032bc31675b3) Importer(815301076,1909f56bfc062723c751e8b465ee728b)  -> (artifact id: '46dcf72cec5987cd40ad88f705953b92') in 0.002611 seconds 
  Import took 0.006089 seconds .

========================================================================
Received Prepare
Registering precompiled user dll's ...
Registered in 0.003106 seconds.
Begin MonoManager ReloadAssembly
Native extension for WindowsStandalone target not found
Native extension for WebGL target not found
Refreshing native plugins compatible for Editor in 0.69 ms, found 2 plugins.
Preloading 0 native plugins for Editor in 0.00 ms.
Mono: successfully reloaded assembly
- Completed reload, in  1.006 seconds
Domain Reload Profiling:
	ReloadAssembly (1007ms)
		BeginReloadAssembly (111ms)
			ExecutionOrderSort (0ms)
			DisableScriptedObjects (5ms)
			BackupInstance (0ms)
			ReleaseScriptingObjects (0ms)
			CreateAndSetChildDomain (31ms)
		EndReloadAssembly (843ms)
			LoadAssemblies (75ms)
			RebuildTransferFunctionScriptingTraits (0ms)
			SetupTypeCache (268ms)
			ReleaseScriptCaches (1ms)
			RebuildScriptCaches (41ms)
			SetupLoadedEditorAssemblies (351ms)
				LogAssemblyErrors (0ms)
				InitializePlatformSupportModulesInManaged (4ms)
				SetLoadedEditorAssemblies (0ms)
				RefreshPlugins (1ms)
				BeforeProcessingInitializeOnLoad (74ms)
				ProcessInitializeOnLoadAttributes (230ms)
				ProcessInitializeOnLoadMethodAttributes (38ms)
				AfterProcessingInitializeOnLoad (5ms)
				EditorAssembliesLoaded (0ms)
			ExecutionOrderSort2 (0ms)
			AwakeInstancesAfterBackupRestoration (6ms)
Platform modules already initialized, skipping
Switching build target platform(19) subTarget(0) extendedPlatform(0) -> platform(13) subTarget(589828) extendedPlatform(0)
Refreshing native plugins compatible for Editor in 0.69 ms, found 2 plugins.
Preloading 0 native plugins for Editor in 0.00 ms.
Unloading 2659 Unused Serialized files (Serialized files now loaded: 0)
System memory in use before: 109.2 MB.
System memory in use after: 109.4 MB.

Unloading 48 unused Assets to reduce memory usage. Loaded Objects now: 3099.
Total: 5.939500 ms (FindLiveObjects: 0.186700 ms CreateObjectMapping: 0.103300 ms MarkObjects: 5.624200 ms  DeleteObjects: 0.024500 ms)

AssetImportParameters requested are different than current active one (requested -> active):
  custom:framework-win-MediaFoundation: 216162199b28c13a410421893ffa2e32 -> 
  custom:video-decoder-ogg-theora: a1e56fd34408186e4bbccfd4996cb3dc -> 
  custom:container-muxer-webm: aa71ff27fc2769a1b78a27578f13a17b -> 
  custom:container-demuxer-webm: 4f35f7cbe854078d1ac9338744f61a02 -> 
  custom:container-demuxer-ogg: 62fdf1f143b41e24485cea50d1cbac27 -> 
  custom:video-encoder-webm-vp8: eb34c28f22e8b96e1ab97ce403110664 -> 
  custom:video-decoder-webm-vp8: 9c59270c3fd7afecdb556c50c9e8de78 -> 
  custom:graphics/normal-map-encoding: 01000000000000000000000000000000 -> 02000000000000000000000000000000
  custom:audio-decoder-ogg-vorbis: bf7c407c2cedff20999df2af8eb42d56 -> 
  custom:audio-encoder-webm-vorbis: bf7c407c2cedff20999df2af8eb42d56 -> 
========================================================================
Received Prepare
Registering precompiled user dll's ...
Registered in 0.003151 seconds.
Begin MonoManager ReloadAssembly
Native extension for WindowsStandalone target not found
Native extension for WebGL target not found
Refreshing native plugins compatible for Editor in 0.69 ms, found 2 plugins.
Preloading 0 native plugins for Editor in 0.00 ms.
Mono: successfully reloaded assembly
- Completed reload, in  0.970 seconds
Domain Reload Profiling:
	ReloadAssembly (970ms)
		BeginReloadAssembly (94ms)
			ExecutionOrderSort (0ms)
			DisableScriptedObjects (5ms)
			BackupInstance (0ms)
			ReleaseScriptingObjects (0ms)
			CreateAndSetChildDomain (30ms)
		EndReloadAssembly (824ms)
			LoadAssemblies (76ms)
			RebuildTransferFunctionScriptingTraits (0ms)
			SetupTypeCache (253ms)
			ReleaseScriptCaches (1ms)
			RebuildScriptCaches (36ms)
			SetupLoadedEditorAssemblies (349ms)
				LogAssemblyErrors (0ms)
				InitializePlatformSupportModulesInManaged (4ms)
				SetLoadedEditorAssemblies (0ms)
				RefreshPlugins (1ms)
				BeforeProcessingInitializeOnLoad (74ms)
				ProcessInitializeOnLoadAttributes (228ms)
				ProcessInitializeOnLoadMethodAttributes (38ms)
				AfterProcessingInitializeOnLoad (5ms)
				EditorAssembliesLoaded (0ms)
			ExecutionOrderSort2 (0ms)
			AwakeInstancesAfterBackupRestoration (6ms)
Platform modules already initialized, skipping
Switching build target platform(19) subTarget(0) extendedPlatform(0) -> platform(13) subTarget(589828) extendedPlatform(0)
Refreshing native plugins compatible for Editor in 0.70 ms, found 2 plugins.
Preloading 0 native plugins for Editor in 0.00 ms.
Unloading 2659 Unused Serialized files (Serialized files now loaded: 0)
System memory in use before: 109.2 MB.
System memory in use after: 109.5 MB.

Unloading 48 unused Assets to reduce memory usage. Loaded Objects now: 3102.
Total: 5.707400 ms (FindLiveObjects: 0.173400 ms CreateObjectMapping: 0.099300 ms MarkObjects: 5.415800 ms  DeleteObjects: 0.018100 ms)

AssetImportParameters requested are different than current active one (requested -> active):
  custom:framework-win-MediaFoundation: 216162199b28c13a410421893ffa2e32 -> 
  custom:video-decoder-ogg-theora: a1e56fd34408186e4bbccfd4996cb3dc -> 
  custom:container-muxer-webm: aa71ff27fc2769a1b78a27578f13a17b -> 
  custom:container-demuxer-webm: 4f35f7cbe854078d1ac9338744f61a02 -> 
  custom:container-demuxer-ogg: 62fdf1f143b41e24485cea50d1cbac27 -> 
  custom:video-encoder-webm-vp8: eb34c28f22e8b96e1ab97ce403110664 -> 
  custom:video-decoder-webm-vp8: 9c59270c3fd7afecdb556c50c9e8de78 -> 
  custom:graphics/normal-map-encoding: 01000000000000000000000000000000 -> 02000000000000000000000000000000
  custom:audio-decoder-ogg-vorbis: bf7c407c2cedff20999df2af8eb42d56 -> 
  custom:audio-encoder-webm-vorbis: bf7c407c2cedff20999df2af8eb42d56 -> 
========================================================================
Received Import Request.
  Time since last request: 284.564314 seconds.
  path: Assets/Prefabs/Canvas.prefab
  artifactKey: Guid(6809aa92cc6afe04d857dc3a6f961d74) Importer(815301076,1909f56bfc062723c751e8b465ee728b)
Start importing Assets/Prefabs/Canvas.prefab using Guid(6809aa92cc6afe04d857dc3a6f961d74) Importer(815301076,1909f56bfc062723c751e8b465ee728b)  -> (artifact id: 'faf0b65d26bf094c757067e4afa57290') in 0.075186 seconds 
  Import took 0.078917 seconds .

========================================================================
Received Import Request.
  Time since last request: 24.881816 seconds.
  path: Assets/Scenes/AirPlaneStarter.unity
  artifactKey: Guid(ed12b921366aff6478963d246c4fd558) Importer(815301076,1909f56bfc062723c751e8b465ee728b)
Start importing Assets/Scenes/AirPlaneStarter.unity using Guid(ed12b921366aff6478963d246c4fd558) Importer(815301076,1909f56bfc062723c751e8b465ee728b)  -> (artifact id: 'dd38b4c0a2fac8671badc1e5ee83a9fd') in 0.006465 seconds 
  Import took 0.009887 seconds .

========================================================================
Received Prepare
Registering precompiled user dll's ...
Registered in 0.003179 seconds.
Begin MonoManager ReloadAssembly
Native extension for WindowsStandalone target not found
Native extension for WebGL target not found
Refreshing native plugins compatible for Editor in 0.69 ms, found 2 plugins.
Preloading 0 native plugins for Editor in 0.00 ms.
Mono: successfully reloaded assembly
- Completed reload, in  0.988 seconds
Domain Reload Profiling:
	ReloadAssembly (988ms)
		BeginReloadAssembly (107ms)
			ExecutionOrderSort (0ms)
			DisableScriptedObjects (5ms)
			BackupInstance (0ms)
			ReleaseScriptingObjects (0ms)
			CreateAndSetChildDomain (30ms)
		EndReloadAssembly (828ms)
			LoadAssemblies (75ms)
			RebuildTransferFunctionScriptingTraits (0ms)
			SetupTypeCache (254ms)
			ReleaseScriptCaches (1ms)
			RebuildScriptCaches (37ms)
			SetupLoadedEditorAssemblies (347ms)
				LogAssemblyErrors (0ms)
				InitializePlatformSupportModulesInManaged (4ms)
				SetLoadedEditorAssemblies (0ms)
				RefreshPlugins (1ms)
				BeforeProcessingInitializeOnLoad (73ms)
				ProcessInitializeOnLoadAttributes (227ms)
				ProcessInitializeOnLoadMethodAttributes (37ms)
				AfterProcessingInitializeOnLoad (5ms)
				EditorAssembliesLoaded (0ms)
			ExecutionOrderSort2 (0ms)
			AwakeInstancesAfterBackupRestoration (6ms)
Platform modules already initialized, skipping
Switching build target platform(19) subTarget(0) extendedPlatform(0) -> platform(13) subTarget(589828) extendedPlatform(0)
Refreshing native plugins compatible for Editor in 0.69 ms, found 2 plugins.
Preloading 0 native plugins for Editor in 0.00 ms.
Unloading 2659 Unused Serialized files (Serialized files now loaded: 0)
System memory in use before: 109.3 MB.
System memory in use after: 109.5 MB.

Unloading 49 unused Assets to reduce memory usage. Loaded Objects now: 3105.
Total: 5.843900 ms (FindLiveObjects: 0.180700 ms CreateObjectMapping: 0.100600 ms MarkObjects: 5.540300 ms  DeleteObjects: 0.021500 ms)

AssetImportParameters requested are different than current active one (requested -> active):
  custom:framework-win-MediaFoundation: 216162199b28c13a410421893ffa2e32 -> 
  custom:video-decoder-ogg-theora: a1e56fd34408186e4bbccfd4996cb3dc -> 
  custom:container-muxer-webm: aa71ff27fc2769a1b78a27578f13a17b -> 
  custom:container-demuxer-webm: 4f35f7cbe854078d1ac9338744f61a02 -> 
  custom:container-demuxer-ogg: 62fdf1f143b41e24485cea50d1cbac27 -> 
  custom:video-encoder-webm-vp8: eb34c28f22e8b96e1ab97ce403110664 -> 
  custom:video-decoder-webm-vp8: 9c59270c3fd7afecdb556c50c9e8de78 -> 
  custom:graphics/normal-map-encoding: 01000000000000000000000000000000 -> 02000000000000000000000000000000
  custom:audio-decoder-ogg-vorbis: bf7c407c2cedff20999df2af8eb42d56 -> 
  custom:audio-encoder-webm-vorbis: bf7c407c2cedff20999df2af8eb42d56 -> 
========================================================================
Received Import Request.
  Time since last request: 81.938162 seconds.
  path: Assets/Prefabs/Canvas.prefab
  artifactKey: Guid(6809aa92cc6afe04d857dc3a6f961d74) Importer(815301076,1909f56bfc062723c751e8b465ee728b)
Start importing Assets/Prefabs/Canvas.prefab using Guid(6809aa92cc6afe04d857dc3a6f961d74) Importer(815301076,1909f56bfc062723c751e8b465ee728b)  -> (artifact id: 'c61df9eee1abf9b07f868e0b33b24b67') in 0.066489 seconds 
  Import took 0.069945 seconds .

========================================================================
Received Import Request.
  Time since last request: 73.875036 seconds.
  path: Assets/Animations/Plane.controller
  artifactKey: Guid(0f8b24b8b27d61a4180511f5c5b51fa4) Importer(815301076,1909f56bfc062723c751e8b465ee728b)
Start importing Assets/Animations/Plane.controller using Guid(0f8b24b8b27d61a4180511f5c5b51fa4) Importer(815301076,1909f56bfc062723c751e8b465ee728b)  -> (artifact id: 'f8d4d97a86d1991ffd21c0bc1e782263') in 0.009603 seconds 
  Import took 0.013346 seconds .

========================================================================
Received Import Request.
  Time since last request: 160.949690 seconds.
  path: Assets/Animations/PlaneStartAnim.anim
  artifactKey: Guid(7a213732791fc434680dceec96686b08) Importer(815301076,1909f56bfc062723c751e8b465ee728b)
Start importing Assets/Animations/PlaneStartAnim.anim using Guid(7a213732791fc434680dceec96686b08) Importer(815301076,1909f56bfc062723c751e8b465ee728b)  -> (artifact id: '3a2e4f019daea6f6c02bde14b0b5e270') in 0.007149 seconds 
  Import took 0.010842 seconds .

========================================================================
Received Import Request.
  Time since last request: 53.555957 seconds.
  path: Assets/Animations/PlaneIdle.anim
  artifactKey: Guid(7665981f2532df34c8565bdbd83591e6) Importer(815301076,1909f56bfc062723c751e8b465ee728b)
Start importing Assets/Animations/PlaneIdle.anim using Guid(7665981f2532df34c8565bdbd83591e6) Importer(815301076,1909f56bfc062723c751e8b465ee728b)  -> (artifact id: '9af249244925a17d89825fcaf7c1232d') in 0.006471 seconds 
  Import took 0.010618 seconds .

========================================================================
Received Prepare
Registering precompiled user dll's ...
Registered in 0.003271 seconds.
Begin MonoManager ReloadAssembly
Native extension for WindowsStandalone target not found
Native extension for WebGL target not found
Refreshing native plugins compatible for Editor in 0.67 ms, found 2 plugins.
Preloading 0 native plugins for Editor in 0.00 ms.
Mono: successfully reloaded assembly
- Completed reload, in  0.965 seconds
Domain Reload Profiling:
	ReloadAssembly (965ms)
		BeginReloadAssembly (99ms)
			ExecutionOrderSort (0ms)
			DisableScriptedObjects (5ms)
			BackupInstance (0ms)
			ReleaseScriptingObjects (0ms)
			CreateAndSetChildDomain (30ms)
		EndReloadAssembly (814ms)
			LoadAssemblies (73ms)
			RebuildTransferFunctionScriptingTraits (0ms)
			SetupTypeCache (246ms)
			ReleaseScriptCaches (1ms)
			RebuildScriptCaches (36ms)
			SetupLoadedEditorAssemblies (343ms)
				LogAssemblyErrors (0ms)
				InitializePlatformSupportModulesInManaged (4ms)
				SetLoadedEditorAssemblies (0ms)
				RefreshPlugins (1ms)
				BeforeProcessingInitializeOnLoad (72ms)
				ProcessInitializeOnLoadAttributes (226ms)
				ProcessInitializeOnLoadMethodAttributes (36ms)
				AfterProcessingInitializeOnLoad (5ms)
				EditorAssembliesLoaded (0ms)
			ExecutionOrderSort2 (0ms)
			AwakeInstancesAfterBackupRestoration (6ms)
Platform modules already initialized, skipping
Switching build target platform(19) subTarget(0) extendedPlatform(0) -> platform(13) subTarget(589828) extendedPlatform(0)
Refreshing native plugins compatible for Editor in 0.66 ms, found 2 plugins.
Preloading 0 native plugins for Editor in 0.00 ms.
Unloading 2659 Unused Serialized files (Serialized files now loaded: 0)
System memory in use before: 109.3 MB.
System memory in use after: 109.5 MB.

Unloading 49 unused Assets to reduce memory usage. Loaded Objects now: 3108.
Total: 5.693100 ms (FindLiveObjects: 0.173100 ms CreateObjectMapping: 0.085800 ms MarkObjects: 5.408300 ms  DeleteObjects: 0.024800 ms)

AssetImportParameters requested are different than current active one (requested -> active):
  custom:framework-win-MediaFoundation: 216162199b28c13a410421893ffa2e32 -> 
  custom:video-decoder-ogg-theora: a1e56fd34408186e4bbccfd4996cb3dc -> 
  custom:container-muxer-webm: aa71ff27fc2769a1b78a27578f13a17b -> 
  custom:container-demuxer-webm: 4f35f7cbe854078d1ac9338744f61a02 -> 
  custom:container-demuxer-ogg: 62fdf1f143b41e24485cea50d1cbac27 -> 
  custom:video-encoder-webm-vp8: eb34c28f22e8b96e1ab97ce403110664 -> 
  custom:video-decoder-webm-vp8: 9c59270c3fd7afecdb556c50c9e8de78 -> 
  custom:graphics/normal-map-encoding: 01000000000000000000000000000000 -> 02000000000000000000000000000000
  custom:audio-decoder-ogg-vorbis: bf7c407c2cedff20999df2af8eb42d56 -> 
  custom:audio-encoder-webm-vorbis: bf7c407c2cedff20999df2af8eb42d56 -> 
AssetImportWorkerClient::OnTransportError - code=2 error=End of file
